The system is: Windows - 10.0.17763 - AMD64
Compiling the C compiler identification source file "CMakeCCompilerId.c" succeeded.
Compiler: C:/Program Files (x86)/Microsoft Visual Studio/2019/Community/VC/Tools/MSVC/14.26.28801/bin/Hostx86/x86/cl.exe 
Build flags: 
Id flags:  

The output was:
0
Microsoft (R) C/C++ Optimizing Compiler Version 19.26.28806 for x86
Copyright (C) Microsoft Corporation.  All rights reserved.

CMakeCCompilerId.c
Microsoft (R) Incremental Linker Version 14.26.28806.0
Copyright (C) Microsoft Corporation.  All rights reserved.

/out:CMakeCCompilerId.exe 
CMakeCCompilerId.obj 


Compilation of the C compiler identification source "CMakeCCompilerId.c" produced "CMakeCCompilerId.exe"

Compilation of the C compiler identification source "CMakeCCompilerId.c" produced "CMakeCCompilerId.obj"

The C compiler identification is MSVC, found in "C:/CLion/Assignments/ManpreetKaurAssign2/cmake-build-debug/CMakeFiles/3.16.5/CompilerIdC/CMakeCCompilerId.exe"

Determining if the C compiler works passed with the following output:
Change Dir: C:/CLion/Assignments/ManpreetKaurAssign2/cmake-build-debug/CMakeFiles/CMakeTmp

Run Build Command(s):nmake /nologo cmTC_c769e\fast && 	"C:\Program Files (x86)\Microsoft Visual Studio\2019\Community\VC\Tools\MSVC\14.26.28801\bin\HostX86\x86\nmake.exe" -f CMakeFiles\cmTC_c769e.dir\build.make /nologo -L                  CMakeFiles\cmTC_c769e.dir\build
Building C object CMakeFiles/cmTC_c769e.dir/testCCompiler.c.obj
	C:\PROGRA~2\MIB055~1\2019\COMMUN~1\VC\Tools\MSVC\1426~1.288\bin\Hostx86\x86\cl.exe @C:\Users\REENU\AppData\Local\Temp\nm2EBE.tmp
testCCompiler.c
Linking C executable cmTC_c769e.exe
	"C:\Program Files\JetBrains\CLion 2020.1.1\bin\cmake\win\bin\cmake.exe" -E vs_link_exe --intdir=CMakeFiles\cmTC_c769e.dir --rc=C:\PROGRA~2\WI3CF2~1\10\bin\100183~1.0\x86\rc.exe --mt=C:\PROGRA~2\WI3CF2~1\10\bin\100183~1.0\x86\mt.exe --manifests  -- C:\PROGRA~2\MIB055~1\2019\COMMUN~1\VC\Tools\MSVC\1426~1.288\bin\Hostx86\x86\link.exe /nologo @CMakeFiles\cmTC_c769e.dir\objects1.rsp @C:\Users\REENU\AppData\Local\Temp\nm2FD8.tmp



Detecting C compiler ABI info compiled with the following output:
Change Dir: C:/CLion/Assignments/ManpreetKaurAssign2/cmake-build-debug/CMakeFiles/CMakeTmp

Run Build Command(s):nmake /nologo cmTC_538b0\fast && 	"C:\Program Files (x86)\Microsoft Visual Studio\2019\Community\VC\Tools\MSVC\14.26.28801\bin\HostX86\x86\nmake.exe" -f CMakeFiles\cmTC_538b0.dir\build.make /nologo -L                  CMakeFiles\cmTC_538b0.dir\build
Building C object CMakeFiles/cmTC_538b0.dir/CMakeCCompilerABI.c.obj
	C:\PROGRA~2\MIB055~1\2019\COMMUN~1\VC\Tools\MSVC\1426~1.288\bin\Hostx86\x86\cl.exe @C:\Users\REENU\AppData\Local\Temp\nm36AD.tmp
CMakeCCompilerABI.c
Linking C executable cmTC_538b0.exe
	"C:\Program Files\JetBrains\CLion 2020.1.1\bin\cmake\win\bin\cmake.exe" -E vs_link_exe --intdir=CMakeFiles\cmTC_538b0.dir --rc=C:\PROGRA~2\WI3CF2~1\10\bin\100183~1.0\x86\rc.exe --mt=C:\PROGRA~2\WI3CF2~1\10\bin\100183~1.0\x86\mt.exe --manifests  -- C:\PROGRA~2\MIB055~1\2019\COMMUN~1\VC\Tools\MSVC\1426~1.288\bin\Hostx86\x86\link.exe /nologo @CMakeFiles\cmTC_538b0.dir\objects1.rsp @C:\Users\REENU\AppData\Local\Temp\nm3789.tmp



